Reading netlist file: "D:\Gowin_code\hdmi_standard_readfromfifo\impl\gwsynthesis\hdmi_standard.vg"
Parsing netlist file "D:\Gowin_code\hdmi_standard_readfromfifo\impl\gwsynthesis\hdmi_standard.vg" completed
Processing netlist completed
Reading constraint file: "D:\Gowin_code\hdmi_standard_readfromfifo\src\hdmi_standard.cst"
Physical Constraint parsed completed
Running placement......
[10%] Placement Phase 0 completed
[20%] Placement Phase 1 completed
[30%] Placement Phase 2 completed
[50%] Placement Phase 3 completed
Running routing......
[60%] Routing Phase 0 completed
[70%] Routing Phase 1 completed
[80%] Routing Phase 2 completed
[90%] Routing Phase 3 completed
Running timing analysis......
[95%] Timing analysis completed
Placement and routing completed
Bitstream generation in progress......
Bitstream generation completed
Running power analysis......
[100%] Power analysis completed
Generate file "D:\Gowin_code\hdmi_standard_readfromfifo\impl\pnr\hdmi_standard.power.html" completed
Generate file "D:\Gowin_code\hdmi_standard_readfromfifo\impl\pnr\hdmi_standard.pin.html" completed
Generate file "D:\Gowin_code\hdmi_standard_readfromfifo\impl\pnr\hdmi_standard.rpt.html" completed
Generate file "D:\Gowin_code\hdmi_standard_readfromfifo\impl\pnr\hdmi_standard.rpt.txt" completed
Generate file "D:\Gowin_code\hdmi_standard_readfromfifo\impl\pnr\hdmi_standard.tr.html" completed
Sun Mar  3 12:36:08 2024

