GowinSynthesis start
Running parser ...
Analyzing Verilog file 'D:\Gowin_code\hdmi_standard_readfromfifo\src\asyn_rst_syn.v'
Analyzing Verilog file 'D:\Gowin_code\hdmi_standard_readfromfifo\src\dvi_encoder.v'
Analyzing Verilog file 'D:\Gowin_code\hdmi_standard_readfromfifo\src\dvi_transmitter_top.v'
Analyzing Verilog file 'D:\Gowin_code\hdmi_standard_readfromfifo\src\gowin_clkdiv\clk_div5.v'
Analyzing Verilog file 'D:\Gowin_code\hdmi_standard_readfromfifo\src\gowin_rpll\rpll_pixel_clk_5x.v'
Analyzing Verilog file 'D:\Gowin_code\hdmi_standard_readfromfifo\src\hdmi_top.v'
Undeclared symbol 'rst_n', assumed default net type 'wire'("D:\Gowin_code\hdmi_standard_readfromfifo\src\hdmi_top.v":35)
Undeclared symbol 'S_AXIS_ARESETN', assumed default net type 'wire'("D:\Gowin_code\hdmi_standard_readfromfifo\src\hdmi_top.v":103)
Analyzing Verilog file 'D:\Gowin_code\hdmi_standard_readfromfifo\src\myip_v1_0_S00_AXIS.v'
WARN  (EX3801) : Parameter 'IDLE' becomes localparam in 'myip_v1_0_S00_AXIS' with formal parameter declaration list("D:\Gowin_code\hdmi_standard_readfromfifo\src\myip_v1_0_S00_AXIS.v":34)
WARN  (EX3801) : Parameter 'WRITE_FIFO' becomes localparam in 'myip_v1_0_S00_AXIS' with formal parameter declaration list("D:\Gowin_code\hdmi_standard_readfromfifo\src\myip_v1_0_S00_AXIS.v":35)
WARN  (EX3801) : Parameter 'READ_FIFO' becomes localparam in 'myip_v1_0_S00_AXIS' with formal parameter declaration list("D:\Gowin_code\hdmi_standard_readfromfifo\src\myip_v1_0_S00_AXIS.v":36)
Analyzing Verilog file 'D:\Gowin_code\hdmi_standard_readfromfifo\src\myip_v2_0_S00_AXI.v'
Analyzing Verilog file 'D:\Gowin_code\hdmi_standard_readfromfifo\src\serializer_10_to_1.v'
Analyzing Verilog file 'D:\Gowin_code\hdmi_standard_readfromfifo\src\video_display.v'
Analyzing Verilog file 'D:\Gowin_code\hdmi_standard_readfromfifo\src\video_driver.v'
Compiling module 'hdmi_top'("D:\Gowin_code\hdmi_standard_readfromfifo\src\hdmi_top.v":1)
Compiling module 'rpll_pixel_clk_5x'("D:\Gowin_code\hdmi_standard_readfromfifo\src\gowin_rpll\rpll_pixel_clk_5x.v":10)
Compiling module 'video_driver'("D:\Gowin_code\hdmi_standard_readfromfifo\src\video_driver.v":1)
WARN  (EX3670) : Actual bit length 1 differs from formal bit length 24 for port 'pixel_data'("D:\Gowin_code\hdmi_standard_readfromfifo\src\hdmi_top.v":74)
Compiling module 'dvi_transmitter_top'("D:\Gowin_code\hdmi_standard_readfromfifo\src\dvi_transmitter_top.v":1)
Compiling module 'asyn_rst_syn'("D:\Gowin_code\hdmi_standard_readfromfifo\src\asyn_rst_syn.v":2)
Compiling module 'dvi_encoder'("D:\Gowin_code\hdmi_standard_readfromfifo\src\dvi_encoder.v":21)
Compiling module 'serializer_10_to_1'("D:\Gowin_code\hdmi_standard_readfromfifo\src\serializer_10_to_1.v":25)
Compiling module 'myip_v2_0_S00_AXIS'("D:\Gowin_code\hdmi_standard_readfromfifo\src\myip_v2_0_S00_AXI.v":3)
Extracting RAM for identifier 'fifo'("D:\Gowin_code\hdmi_standard_readfromfifo\src\myip_v2_0_S00_AXI.v":33)
WARN  (EX3670) : Actual bit length 1 differs from formal bit length 24 for port 'R_AXIS_Out'("D:\Gowin_code\hdmi_standard_readfromfifo\src\hdmi_top.v":112)
WARN  (EX1998) : Net 'S_AXIS_ARESETN' does not have a driver("D:\Gowin_code\hdmi_standard_readfromfifo\src\hdmi_top.v":103)
NOTE  (EX0101) : Current top module is "hdmi_top"
[5%] Running netlist conversion ...
Running device independent optimization ...
[10%] Optimizing Phase 0 completed
[15%] Optimizing Phase 1 completed
[25%] Optimizing Phase 2 completed
Running inference ...
[30%] Inferring Phase 0 completed
[40%] Inferring Phase 1 completed
[50%] Inferring Phase 2 completed
[55%] Inferring Phase 3 completed
Running technical mapping ...
[60%] Tech-Mapping Phase 0 completed
[65%] Tech-Mapping Phase 1 completed
[75%] Tech-Mapping Phase 2 completed
[80%] Tech-Mapping Phase 3 completed
[90%] Tech-Mapping Phase 4 completed
[95%] Generate netlist file "D:\Gowin_code\hdmi_standard_readfromfifo\impl\gwsynthesis\hdmi_standard.vg" completed
[100%] Generate report file "D:\Gowin_code\hdmi_standard_readfromfifo\impl\gwsynthesis\hdmi_standard_syn.rpt.html" completed
GowinSynthesis finish
