Reading netlist file: "C:\Users\YJQ\Desktop\sd_read_modelpara_new\impl\gwsynthesis\sd_read_modelpara_new.vg"
Parsing netlist file "C:\Users\YJQ\Desktop\sd_read_modelpara_new\impl\gwsynthesis\sd_read_modelpara_new.vg" completed
Processing netlist completed
Reading constraint file: "C:\Users\YJQ\Desktop\sd_read_modelpara_new\src\sd_read_model_para_new.cst"
Physical Constraint parsed completed
Running placement......
[10%] Placement Phase 0 completed
[20%] Placement Phase 1 completed
[30%] Placement Phase 2 completed
[50%] Placement Phase 3 completed
Running routing......
[60%] Routing Phase 0 completed
[70%] Routing Phase 1 completed
[80%] Routing Phase 2 completed
[90%] Routing Phase 3 completed
Running timing analysis......
[95%] Timing analysis completed
Placement and routing completed
Bitstream generation in progress......
Bitstream generation completed
Running power analysis......
[100%] Power analysis completed
Generate file "C:\Users\YJQ\Desktop\sd_read_modelpara_new\impl\pnr\sd_read_modelpara_new.power.html" completed
Generate file "C:\Users\YJQ\Desktop\sd_read_modelpara_new\impl\pnr\sd_read_modelpara_new.pin.html" completed
Generate file "C:\Users\YJQ\Desktop\sd_read_modelpara_new\impl\pnr\sd_read_modelpara_new.rpt.html" completed
Generate file "C:\Users\YJQ\Desktop\sd_read_modelpara_new\impl\pnr\sd_read_modelpara_new.rpt.txt" completed
Generate file "C:\Users\YJQ\Desktop\sd_read_modelpara_new\impl\pnr\sd_read_modelpara_new.tr.html" completed
Sat Mar 16 22:32:05 2024

